{"/Users/dawn/GitHub/bipu-backend/app/router.js": {"path":"/Users/dawn/GitHub/bipu-backend/app/router.js","statementMap":{"0":{"start":{"line":6,"column":0},"end":{"line":39,"column":2}},"1":{"start":{"line":7,"column":33},"end":{"line":7,"column":36}},"2":{"start":{"line":8,"column":2},"end":{"line":8,"column":41}},"3":{"start":{"line":9,"column":2},"end":{"line":9,"column":67}},"4":{"start":{"line":10,"column":2},"end":{"line":10,"column":52}},"5":{"start":{"line":12,"column":2},"end":{"line":12,"column":73}},"6":{"start":{"line":13,"column":2},"end":{"line":13,"column":71}},"7":{"start":{"line":14,"column":2},"end":{"line":14,"column":81}},"8":{"start":{"line":17,"column":2},"end":{"line":17,"column":57}},"9":{"start":{"line":19,"column":2},"end":{"line":19,"column":57}},"10":{"start":{"line":21,"column":2},"end":{"line":21,"column":64}},"11":{"start":{"line":23,"column":2},"end":{"line":23,"column":59}},"12":{"start":{"line":25,"column":2},"end":{"line":25,"column":62}},"13":{"start":{"line":27,"column":2},"end":{"line":27,"column":69}},"14":{"start":{"line":30,"column":2},"end":{"line":30,"column":70}},"15":{"start":{"line":32,"column":2},"end":{"line":32,"column":80}},"16":{"start":{"line":33,"column":2},"end":{"line":33,"column":54}},"17":{"start":{"line":35,"column":2},"end":{"line":35,"column":67}},"18":{"start":{"line":37,"column":2},"end":{"line":37,"column":68}},"19":{"start":{"line":38,"column":2},"end":{"line":38,"column":73}}},"fnMap":{"0":{"name":"(anonymous_0)","decl":{"start":{"line":6,"column":17},"end":{"line":6,"column":18}},"loc":{"start":{"line":6,"column":24},"end":{"line":39,"column":1}},"line":6}},"branchMap":{},"s":{"0":1,"1":1,"2":1,"3":1,"4":1,"5":1,"6":1,"7":1,"8":1,"9":1,"10":1,"11":1,"12":1,"13":1,"14":1,"15":1,"16":1,"17":1,"18":1,"19":1},"f":{"0":1},"b":{},"_coverageSchema":"332fd63041d2c1bcb487cc26dd0d5f7d97098a6c","hash":"af7fec9dd719d2f4a7e19de67c711b47b46cbe82","contentHash":"b717dd33a6e65ce5a52e4bd57c7a3528_11.7.1"}
,"/Users/dawn/GitHub/bipu-backend/app/controller/home.js": {"path":"/Users/dawn/GitHub/bipu-backend/app/controller/home.js","statementMap":{"0":{"start":{"line":2,"column":11},"end":{"line":2,"column":24}},"1":{"start":{"line":3,"column":19},"end":{"line":3,"column":44}},"2":{"start":{"line":4,"column":13},"end":{"line":4,"column":28}},"3":{"start":{"line":7,"column":4},"end":{"line":7,"column":46}},"4":{"start":{"line":8,"column":4},"end":{"line":8,"column":88}},"5":{"start":{"line":12,"column":0},"end":{"line":12,"column":32}}},"fnMap":{"0":{"name":"(anonymous_0)","decl":{"start":{"line":6,"column":2},"end":{"line":6,"column":3}},"loc":{"start":{"line":6,"column":16},"end":{"line":9,"column":3}},"line":6}},"branchMap":{},"s":{"0":1,"1":1,"2":1,"3":1,"4":1,"5":1},"f":{"0":1},"b":{},"_coverageSchema":"332fd63041d2c1bcb487cc26dd0d5f7d97098a6c","hash":"fd53638c2d5c51031cfbeafb901162c119fbab18","contentHash":"7cd17c3ba9bb1101540df2bad320f8f2_11.7.1"}
,"/Users/dawn/GitHub/bipu-backend/app/controller/multipart.js": {"path":"/Users/dawn/GitHub/bipu-backend/app/controller/multipart.js","statementMap":{"0":{"start":{"line":3,"column":13},"end":{"line":3,"column":28}},"1":{"start":{"line":4,"column":23},"end":{"line":4,"column":49}},"2":{"start":{"line":5,"column":19},"end":{"line":5,"column":44}},"3":{"start":{"line":9,"column":16},"end":{"line":9,"column":24}},"4":{"start":{"line":10,"column":19},"end":{"line":10,"column":44}},"5":{"start":{"line":11,"column":17},"end":{"line":11,"column":71}},"6":{"start":{"line":13,"column":4},"end":{"line":20,"column":5}},"7":{"start":{"line":15,"column":6},"end":{"line":15,"column":47}},"8":{"start":{"line":18,"column":6},"end":{"line":18,"column":35}},"9":{"start":{"line":19,"column":6},"end":{"line":19,"column":16}},"10":{"start":{"line":21,"column":4},"end":{"line":25,"column":6}},"11":{"start":{"line":29,"column":0},"end":{"line":29,"column":34}}},"fnMap":{"0":{"name":"(anonymous_0)","decl":{"start":{"line":8,"column":2},"end":{"line":8,"column":3}},"loc":{"start":{"line":8,"column":17},"end":{"line":26,"column":3}},"line":8}},"branchMap":{},"s":{"0":1,"1":1,"2":1,"3":0,"4":0,"5":0,"6":0,"7":0,"8":0,"9":0,"10":0,"11":1},"f":{"0":0},"b":{},"_coverageSchema":"332fd63041d2c1bcb487cc26dd0d5f7d97098a6c","hash":"678877fdbded72ff2e022e910e948cdbeb0b8abd","contentHash":"a40bbf17214d79451e9f6f86077acc04_11.7.1"}
,"/Users/dawn/GitHub/bipu-backend/app/controller/user.js": {"path":"/Users/dawn/GitHub/bipu-backend/app/controller/user.js","statementMap":{"0":{"start":{"line":2,"column":19},"end":{"line":2,"column":44}},"1":{"start":{"line":3,"column":22},"end":{"line":3,"column":23}},"2":{"start":{"line":4,"column":30},"end":{"line":4,"column":32}},"3":{"start":{"line":10,"column":4},"end":{"line":10,"column":15}},"4":{"start":{"line":11,"column":4},"end":{"line":11,"column":47}},"5":{"start":{"line":12,"column":4},"end":{"line":12,"column":31}},"6":{"start":{"line":16,"column":20},"end":{"line":16,"column":35}},"7":{"start":{"line":17,"column":21},"end":{"line":17,"column":56}},"8":{"start":{"line":18,"column":4},"end":{"line":23,"column":5}},"9":{"start":{"line":19,"column":6},"end":{"line":19,"column":31}},"10":{"start":{"line":21,"column":6},"end":{"line":21,"column":62}},"11":{"start":{"line":27,"column":20},"end":{"line":27,"column":35}},"12":{"start":{"line":28,"column":88},"end":{"line":28,"column":102}},"13":{"start":{"line":29,"column":21},"end":{"line":29,"column":91}},"14":{"start":{"line":30,"column":4},"end":{"line":30,"column":29}},"15":{"start":{"line":36,"column":20},"end":{"line":36,"column":36}},"16":{"start":{"line":40,"column":8},"end":{"line":40,"column":22}},"17":{"start":{"line":41,"column":21},"end":{"line":41,"column":91}},"18":{"start":{"line":42,"column":4},"end":{"line":42,"column":29}},"19":{"start":{"line":48,"column":8},"end":{"line":48,"column":29}},"20":{"start":{"line":49,"column":20},"end":{"line":49,"column":36}},"21":{"start":{"line":50,"column":21},"end":{"line":50,"column":73}},"22":{"start":{"line":51,"column":4},"end":{"line":55,"column":5}},"23":{"start":{"line":52,"column":6},"end":{"line":52,"column":71}},"24":{"start":{"line":54,"column":6},"end":{"line":54,"column":63}},"25":{"start":{"line":59,"column":20},"end":{"line":59,"column":35}},"26":{"start":{"line":60,"column":20},"end":{"line":60,"column":36}},"27":{"start":{"line":61,"column":21},"end":{"line":61,"column":76}},"28":{"start":{"line":62,"column":4},"end":{"line":68,"column":5}},"29":{"start":{"line":63,"column":6},"end":{"line":63,"column":59}},"30":{"start":{"line":66,"column":6},"end":{"line":66,"column":57}},"31":{"start":{"line":69,"column":4},"end":{"line":69,"column":29}},"32":{"start":{"line":74,"column":0},"end":{"line":74,"column":32}}},"fnMap":{"0":{"name":"(anonymous_0)","decl":{"start":{"line":9,"column":2},"end":{"line":9,"column":3}},"loc":{"start":{"line":9,"column":19},"end":{"line":13,"column":3}},"line":9},"1":{"name":"(anonymous_1)","decl":{"start":{"line":15,"column":2},"end":{"line":15,"column":3}},"loc":{"start":{"line":15,"column":18},"end":{"line":24,"column":3}},"line":15},"2":{"name":"(anonymous_2)","decl":{"start":{"line":26,"column":2},"end":{"line":26,"column":3}},"loc":{"start":{"line":26,"column":28},"end":{"line":31,"column":3}},"line":26},"3":{"name":"(anonymous_3)","decl":{"start":{"line":33,"column":2},"end":{"line":33,"column":3}},"loc":{"start":{"line":33,"column":26},"end":{"line":43,"column":3}},"line":33},"4":{"name":"(anonymous_4)","decl":{"start":{"line":45,"column":2},"end":{"line":45,"column":3}},"loc":{"start":{"line":45,"column":30},"end":{"line":56,"column":3}},"line":45},"5":{"name":"(anonymous_5)","decl":{"start":{"line":58,"column":2},"end":{"line":58,"column":3}},"loc":{"start":{"line":58,"column":33},"end":{"line":70,"column":3}},"line":58}},"branchMap":{"0":{"loc":{"start":{"line":18,"column":4},"end":{"line":23,"column":5}},"type":"if","locations":[{"start":{"line":18,"column":4},"end":{"line":23,"column":5}},{"start":{"line":18,"column":4},"end":{"line":23,"column":5}}],"line":18},"1":{"loc":{"start":{"line":28,"column":12},"end":{"line":28,"column":34}},"type":"default-arg","locations":[{"start":{"line":28,"column":21},"end":{"line":28,"column":34}}],"line":28},"2":{"loc":{"start":{"line":28,"column":36},"end":{"line":28,"column":68}},"type":"default-arg","locations":[{"start":{"line":28,"column":47},"end":{"line":28,"column":68}}],"line":28},"3":{"loc":{"start":{"line":28,"column":70},"end":{"line":28,"column":83}},"type":"default-arg","locations":[{"start":{"line":28,"column":78},"end":{"line":28,"column":83}}],"line":28},"4":{"loc":{"start":{"line":39,"column":6},"end":{"line":39,"column":28}},"type":"default-arg","locations":[{"start":{"line":39,"column":15},"end":{"line":39,"column":28}}],"line":39},"5":{"loc":{"start":{"line":39,"column":30},"end":{"line":39,"column":62}},"type":"default-arg","locations":[{"start":{"line":39,"column":41},"end":{"line":39,"column":62}}],"line":39},"6":{"loc":{"start":{"line":39,"column":64},"end":{"line":39,"column":77}},"type":"default-arg","locations":[{"start":{"line":39,"column":72},"end":{"line":39,"column":77}}],"line":39},"7":{"loc":{"start":{"line":51,"column":4},"end":{"line":55,"column":5}},"type":"if","locations":[{"start":{"line":51,"column":4},"end":{"line":55,"column":5}},{"start":{"line":51,"column":4},"end":{"line":55,"column":5}}],"line":51},"8":{"loc":{"start":{"line":62,"column":4},"end":{"line":68,"column":5}},"type":"if","locations":[{"start":{"line":62,"column":4},"end":{"line":68,"column":5}},{"start":{"line":62,"column":4},"end":{"line":68,"column":5}}],"line":62}},"s":{"0":1,"1":1,"2":1,"3":0,"4":0,"5":0,"6":0,"7":0,"8":0,"9":0,"10":0,"11":0,"12":0,"13":0,"14":0,"15":0,"16":0,"17":0,"18":0,"19":0,"20":0,"21":0,"22":0,"23":0,"24":0,"25":0,"26":0,"27":0,"28":0,"29":0,"30":0,"31":0,"32":1},"f":{"0":0,"1":0,"2":0,"3":0,"4":0,"5":0},"b":{"0":[0,0],"1":[0],"2":[0],"3":[0],"4":[0],"5":[0],"6":[0],"7":[0,0],"8":[0,0]},"_coverageSchema":"332fd63041d2c1bcb487cc26dd0d5f7d97098a6c","hash":"0250fbcf679d2e470f22aaf75428c301e78cb87b","contentHash":"42576724a490ade3144cdf0793902547_11.7.1"}
,"/Users/dawn/GitHub/bipu-backend/app/controller/volume.js": {"path":"/Users/dawn/GitHub/bipu-backend/app/controller/volume.js","statementMap":{"0":{"start":{"line":2,"column":19},"end":{"line":2,"column":44}},"1":{"start":{"line":4,"column":22},"end":{"line":4,"column":23}},"2":{"start":{"line":5,"column":30},"end":{"line":5,"column":32}},"3":{"start":{"line":6,"column":29},"end":{"line":6,"column":31}},"4":{"start":{"line":11,"column":4},"end":{"line":11,"column":15}},"5":{"start":{"line":12,"column":4},"end":{"line":12,"column":51}},"6":{"start":{"line":13,"column":4},"end":{"line":13,"column":31}},"7":{"start":{"line":18,"column":20},"end":{"line":18,"column":35}},"8":{"start":{"line":19,"column":90},"end":{"line":19,"column":104}},"9":{"start":{"line":20,"column":21},"end":{"line":20,"column":88}},"10":{"start":{"line":21,"column":4},"end":{"line":21,"column":29}},"11":{"start":{"line":28,"column":8},"end":{"line":28,"column":29}},"12":{"start":{"line":31,"column":8},"end":{"line":31,"column":24}},"13":{"start":{"line":32,"column":21},"end":{"line":32,"column":80}},"14":{"start":{"line":33,"column":4},"end":{"line":33,"column":29}},"15":{"start":{"line":42,"column":8},"end":{"line":42,"column":29}},"16":{"start":{"line":43,"column":20},"end":{"line":43,"column":35}},"17":{"start":{"line":44,"column":21},"end":{"line":44,"column":83}},"18":{"start":{"line":45,"column":4},"end":{"line":45,"column":29}},"19":{"start":{"line":49,"column":20},"end":{"line":49,"column":35}},"20":{"start":{"line":52,"column":8},"end":{"line":52,"column":24}},"21":{"start":{"line":54,"column":21},"end":{"line":54,"column":68}},"22":{"start":{"line":55,"column":4},"end":{"line":61,"column":5}},"23":{"start":{"line":56,"column":6},"end":{"line":56,"column":59}},"24":{"start":{"line":59,"column":6},"end":{"line":59,"column":57}},"25":{"start":{"line":62,"column":4},"end":{"line":62,"column":29}},"26":{"start":{"line":66,"column":20},"end":{"line":66,"column":35}},"27":{"start":{"line":67,"column":21},"end":{"line":67,"column":64}},"28":{"start":{"line":68,"column":4},"end":{"line":68,"column":29}},"29":{"start":{"line":72,"column":20},"end":{"line":72,"column":35}},"30":{"start":{"line":73,"column":72},"end":{"line":73,"column":86}},"31":{"start":{"line":74,"column":21},"end":{"line":74,"column":83}},"32":{"start":{"line":76,"column":4},"end":{"line":76,"column":29}},"33":{"start":{"line":84,"column":8},"end":{"line":84,"column":29}},"34":{"start":{"line":87,"column":8},"end":{"line":87,"column":23}},"35":{"start":{"line":88,"column":21},"end":{"line":88,"column":70}},"36":{"start":{"line":89,"column":4},"end":{"line":89,"column":29}},"37":{"start":{"line":92,"column":25},"end":{"line":92,"column":40}},"38":{"start":{"line":93,"column":21},"end":{"line":93,"column":73}},"39":{"start":{"line":94,"column":4},"end":{"line":94,"column":29}},"40":{"start":{"line":99,"column":8},"end":{"line":99,"column":23}},"41":{"start":{"line":100,"column":21},"end":{"line":100,"column":61}},"42":{"start":{"line":101,"column":4},"end":{"line":101,"column":29}},"43":{"start":{"line":106,"column":8},"end":{"line":106,"column":23}},"44":{"start":{"line":111,"column":8},"end":{"line":111,"column":29}},"45":{"start":{"line":114,"column":8},"end":{"line":114,"column":24}},"46":{"start":{"line":116,"column":4},"end":{"line":120,"column":5}},"47":{"start":{"line":117,"column":6},"end":{"line":117,"column":82}},"48":{"start":{"line":119,"column":6},"end":{"line":119,"column":77}},"49":{"start":{"line":122,"column":4},"end":{"line":122,"column":29}},"50":{"start":{"line":127,"column":8},"end":{"line":127,"column":23}},"51":{"start":{"line":128,"column":21},"end":{"line":128,"column":64}},"52":{"start":{"line":129,"column":4},"end":{"line":129,"column":29}},"53":{"start":{"line":133,"column":0},"end":{"line":133,"column":34}}},"fnMap":{"0":{"name":"(anonymous_0)","decl":{"start":{"line":10,"column":2},"end":{"line":10,"column":3}},"loc":{"start":{"line":10,"column":19},"end":{"line":14,"column":3}},"line":10},"1":{"name":"(anonymous_1)","decl":{"start":{"line":17,"column":2},"end":{"line":17,"column":3}},"loc":{"start":{"line":17,"column":24},"end":{"line":22,"column":3}},"line":17},"2":{"name":"(anonymous_2)","decl":{"start":{"line":24,"column":2},"end":{"line":24,"column":3}},"loc":{"start":{"line":24,"column":23},"end":{"line":34,"column":3}},"line":24},"3":{"name":"(anonymous_3)","decl":{"start":{"line":36,"column":2},"end":{"line":36,"column":3}},"loc":{"start":{"line":36,"column":21},"end":{"line":46,"column":3}},"line":36},"4":{"name":"(anonymous_4)","decl":{"start":{"line":48,"column":2},"end":{"line":48,"column":3}},"loc":{"start":{"line":48,"column":23},"end":{"line":63,"column":3}},"line":48},"5":{"name":"(anonymous_5)","decl":{"start":{"line":65,"column":2},"end":{"line":65,"column":3}},"loc":{"start":{"line":65,"column":24},"end":{"line":69,"column":3}},"line":65},"6":{"name":"(anonymous_6)","decl":{"start":{"line":71,"column":2},"end":{"line":71,"column":3}},"loc":{"start":{"line":71,"column":25},"end":{"line":79,"column":3}},"line":71},"7":{"name":"(anonymous_7)","decl":{"start":{"line":81,"column":2},"end":{"line":81,"column":3}},"loc":{"start":{"line":81,"column":25},"end":{"line":90,"column":3}},"line":81},"8":{"name":"(anonymous_8)","decl":{"start":{"line":91,"column":2},"end":{"line":91,"column":3}},"loc":{"start":{"line":91,"column":28},"end":{"line":95,"column":3}},"line":91},"9":{"name":"(anonymous_9)","decl":{"start":{"line":96,"column":2},"end":{"line":96,"column":3}},"loc":{"start":{"line":96,"column":21},"end":{"line":102,"column":3}},"line":96},"10":{"name":"(anonymous_10)","decl":{"start":{"line":103,"column":2},"end":{"line":103,"column":3}},"loc":{"start":{"line":103,"column":21},"end":{"line":123,"column":3}},"line":103},"11":{"name":"(anonymous_11)","decl":{"start":{"line":124,"column":2},"end":{"line":124,"column":3}},"loc":{"start":{"line":124,"column":24},"end":{"line":130,"column":3}},"line":124}},"branchMap":{"0":{"loc":{"start":{"line":19,"column":12},"end":{"line":19,"column":34}},"type":"default-arg","locations":[{"start":{"line":19,"column":21},"end":{"line":19,"column":34}}],"line":19},"1":{"loc":{"start":{"line":19,"column":36},"end":{"line":19,"column":68}},"type":"default-arg","locations":[{"start":{"line":19,"column":47},"end":{"line":19,"column":68}}],"line":19},"2":{"loc":{"start":{"line":19,"column":70},"end":{"line":19,"column":85}},"type":"default-arg","locations":[{"start":{"line":19,"column":77},"end":{"line":19,"column":85}}],"line":19},"3":{"loc":{"start":{"line":55,"column":4},"end":{"line":61,"column":5}},"type":"if","locations":[{"start":{"line":55,"column":4},"end":{"line":61,"column":5}},{"start":{"line":55,"column":4},"end":{"line":61,"column":5}}],"line":55},"4":{"loc":{"start":{"line":73,"column":12},"end":{"line":73,"column":34}},"type":"default-arg","locations":[{"start":{"line":73,"column":21},"end":{"line":73,"column":34}}],"line":73},"5":{"loc":{"start":{"line":73,"column":36},"end":{"line":73,"column":67}},"type":"default-arg","locations":[{"start":{"line":73,"column":47},"end":{"line":73,"column":67}}],"line":73},"6":{"loc":{"start":{"line":116,"column":4},"end":{"line":120,"column":5}},"type":"if","locations":[{"start":{"line":116,"column":4},"end":{"line":120,"column":5}},{"start":{"line":116,"column":4},"end":{"line":120,"column":5}}],"line":116}},"s":{"0":1,"1":1,"2":1,"3":1,"4":0,"5":0,"6":0,"7":0,"8":0,"9":0,"10":0,"11":0,"12":0,"13":0,"14":0,"15":0,"16":0,"17":0,"18":0,"19":0,"20":0,"21":0,"22":0,"23":0,"24":0,"25":0,"26":0,"27":0,"28":0,"29":0,"30":0,"31":0,"32":0,"33":0,"34":0,"35":0,"36":0,"37":0,"38":0,"39":0,"40":0,"41":0,"42":0,"43":0,"44":0,"45":0,"46":0,"47":0,"48":0,"49":0,"50":0,"51":0,"52":0,"53":1},"f":{"0":0,"1":0,"2":0,"3":0,"4":0,"5":0,"6":0,"7":0,"8":0,"9":0,"10":0,"11":0},"b":{"0":[0],"1":[0],"2":[0],"3":[0,0],"4":[0],"5":[0],"6":[0,0]},"_coverageSchema":"332fd63041d2c1bcb487cc26dd0d5f7d97098a6c","hash":"ac6c8f7a414ecbc483f9a7b3b71ae2d224d555a3","contentHash":"7e9da5685c494e072c1e0b681e4f3f58_11.7.1"}
,"/Users/dawn/GitHub/bipu-backend/app/extend/application.js": {"path":"/Users/dawn/GitHub/bipu-backend/app/extend/application.js","statementMap":{},"fnMap":{},"branchMap":{},"s":{},"f":{},"b":{},"_coverageSchema":"332fd63041d2c1bcb487cc26dd0d5f7d97098a6c","hash":"cbf672c47f3a9e5644ced3b1c812b838398ff84f","contentHash":"1990fccf73ec0a9e0162826d19f13216_11.7.1"}
,"/Users/dawn/GitHub/bipu-backend/app/extend/helper.js": {"path":"/Users/dawn/GitHub/bipu-backend/app/extend/helper.js","statementMap":{"0":{"start":{"line":3,"column":0},"end":{"line":19,"column":2}},"1":{"start":{"line":8,"column":4},"end":{"line":8,"column":25}},"2":{"start":{"line":9,"column":4},"end":{"line":9,"column":25}},"3":{"start":{"line":12,"column":19},"end":{"line":15,"column":6}},"4":{"start":{"line":16,"column":4},"end":{"line":16,"column":23}},"5":{"start":{"line":17,"column":4},"end":{"line":17,"column":23}}},"fnMap":{},"branchMap":{},"s":{"0":1,"1":0,"2":0,"3":0,"4":0,"5":0},"f":{},"b":{},"_coverageSchema":"332fd63041d2c1bcb487cc26dd0d5f7d97098a6c","hash":"3f1b0819c6b6a9d8d9ccee24cc8a55b8c818e8d9","contentHash":"5dc9aeb4be9e55707e5cfb5e491f177a_11.7.1"}
,"/Users/dawn/GitHub/bipu-backend/app/extend/response.js": {"path":"/Users/dawn/GitHub/bipu-backend/app/extend/response.js","statementMap":{"0":{"start":{"line":2,"column":0},"end":{"line":4,"column":2}}},"fnMap":{},"branchMap":{},"s":{"0":1},"f":{},"b":{},"_coverageSchema":"332fd63041d2c1bcb487cc26dd0d5f7d97098a6c","hash":"ee49faecffaaf289eaa6b0050ed03f7bdfcb8ef4","contentHash":"f54541a0aebe9c32714c111cd1584930_11.7.1"}
,"/Users/dawn/GitHub/bipu-backend/app/model/collectionVolume.js": {"path":"/Users/dawn/GitHub/bipu-backend/app/model/collectionVolume.js","statementMap":{"0":{"start":{"line":5,"column":0},"end":{"line":35,"column":2}},"1":{"start":{"line":8,"column":6},"end":{"line":8,"column":19}},"2":{"start":{"line":9,"column":32},"end":{"line":31,"column":4}},"3":{"start":{"line":34,"column":2},"end":{"line":34,"column":31}}},"fnMap":{"0":{"name":"(anonymous_0)","decl":{"start":{"line":5,"column":17},"end":{"line":5,"column":18}},"loc":{"start":{"line":5,"column":24},"end":{"line":35,"column":1}},"line":5}},"branchMap":{},"s":{"0":1,"1":2,"2":2,"3":2},"f":{"0":2},"b":{},"_coverageSchema":"332fd63041d2c1bcb487cc26dd0d5f7d97098a6c","hash":"de3fd13a1b301c0f95f93f4a0006207bad720acd","contentHash":"c1426925e34a7aecb6149e0746964eae_11.7.1"}
,"/Users/dawn/GitHub/bipu-backend/app/model/comment.js": {"path":"/Users/dawn/GitHub/bipu-backend/app/model/comment.js","statementMap":{"0":{"start":{"line":6,"column":0},"end":{"line":56,"column":2}},"1":{"start":{"line":12,"column":6},"end":{"line":12,"column":19}},"2":{"start":{"line":14,"column":23},"end":{"line":53,"column":4}},"3":{"start":{"line":55,"column":2},"end":{"line":55,"column":22}}},"fnMap":{"0":{"name":"(anonymous_0)","decl":{"start":{"line":6,"column":17},"end":{"line":6,"column":18}},"loc":{"start":{"line":6,"column":24},"end":{"line":56,"column":1}},"line":6}},"branchMap":{},"s":{"0":1,"1":2,"2":2,"3":2},"f":{"0":2},"b":{},"_coverageSchema":"332fd63041d2c1bcb487cc26dd0d5f7d97098a6c","hash":"bce3a3d61152e9e5dc8c14ca9b6ce2a33dc57f3e","contentHash":"9ee30bf8886e9f4193df4c2d11243c00_11.7.1"}
,"/Users/dawn/GitHub/bipu-backend/app/model/ownVolume.js": {"path":"/Users/dawn/GitHub/bipu-backend/app/model/ownVolume.js","statementMap":{"0":{"start":{"line":4,"column":0},"end":{"line":32,"column":2}},"1":{"start":{"line":8,"column":6},"end":{"line":8,"column":19}},"2":{"start":{"line":9,"column":25},"end":{"line":29,"column":4}},"3":{"start":{"line":31,"column":2},"end":{"line":31,"column":24}}},"fnMap":{"0":{"name":"(anonymous_0)","decl":{"start":{"line":4,"column":17},"end":{"line":4,"column":18}},"loc":{"start":{"line":4,"column":24},"end":{"line":32,"column":1}},"line":4}},"branchMap":{},"s":{"0":1,"1":2,"2":2,"3":2},"f":{"0":2},"b":{},"_coverageSchema":"332fd63041d2c1bcb487cc26dd0d5f7d97098a6c","hash":"c3a41cc657057d25e7dd92cb67ae35d2ce298776","contentHash":"f6b09d94181eca146201edfca50fbb3c_11.7.1"}
,"/Users/dawn/GitHub/bipu-backend/app/model/soreVolume.js": {"path":"/Users/dawn/GitHub/bipu-backend/app/model/soreVolume.js","statementMap":{"0":{"start":{"line":6,"column":0},"end":{"line":34,"column":2}},"1":{"start":{"line":10,"column":6},"end":{"line":10,"column":19}},"2":{"start":{"line":11,"column":27},"end":{"line":31,"column":4}},"3":{"start":{"line":33,"column":2},"end":{"line":33,"column":26}}},"fnMap":{"0":{"name":"(anonymous_0)","decl":{"start":{"line":6,"column":17},"end":{"line":6,"column":18}},"loc":{"start":{"line":6,"column":24},"end":{"line":34,"column":1}},"line":6}},"branchMap":{},"s":{"0":1,"1":2,"2":2,"3":2},"f":{"0":2},"b":{},"_coverageSchema":"332fd63041d2c1bcb487cc26dd0d5f7d97098a6c","hash":"d4784f9d47824d2aa12cda33ab4919bea47721f9","contentHash":"c620950cb9b2e36c3ee50725cf1016b8_11.7.1"}
,"/Users/dawn/GitHub/bipu-backend/app/model/user.js": {"path":"/Users/dawn/GitHub/bipu-backend/app/model/user.js","statementMap":{"0":{"start":{"line":7,"column":0},"end":{"line":56,"column":2}},"1":{"start":{"line":12,"column":6},"end":{"line":12,"column":19}},"2":{"start":{"line":13,"column":20},"end":{"line":53,"column":4}},"3":{"start":{"line":55,"column":2},"end":{"line":55,"column":19}}},"fnMap":{"0":{"name":"(anonymous_0)","decl":{"start":{"line":7,"column":17},"end":{"line":7,"column":18}},"loc":{"start":{"line":7,"column":24},"end":{"line":56,"column":1}},"line":7}},"branchMap":{},"s":{"0":1,"1":2,"2":2,"3":2},"f":{"0":2},"b":{},"_coverageSchema":"332fd63041d2c1bcb487cc26dd0d5f7d97098a6c","hash":"483f89fc524ff0796454735110ca60757e01dc67","contentHash":"495e0888a9add2c86ff75fb43014e0c7_11.7.1"}
,"/Users/dawn/GitHub/bipu-backend/app/model/volume.js": {"path":"/Users/dawn/GitHub/bipu-backend/app/model/volume.js","statementMap":{"0":{"start":{"line":5,"column":0},"end":{"line":60,"column":2}},"1":{"start":{"line":11,"column":6},"end":{"line":11,"column":19}},"2":{"start":{"line":13,"column":22},"end":{"line":57,"column":4}},"3":{"start":{"line":59,"column":2},"end":{"line":59,"column":21}}},"fnMap":{"0":{"name":"(anonymous_0)","decl":{"start":{"line":5,"column":17},"end":{"line":5,"column":18}},"loc":{"start":{"line":5,"column":24},"end":{"line":60,"column":1}},"line":5}},"branchMap":{},"s":{"0":1,"1":2,"2":2,"3":2},"f":{"0":2},"b":{},"_coverageSchema":"332fd63041d2c1bcb487cc26dd0d5f7d97098a6c","hash":"a4053d2721309c0a695468e84e9b5327f6621a55","contentHash":"3681fb96f6b11901df2d0ca84ad41f90_11.7.1"}
,"/Users/dawn/GitHub/bipu-backend/app/service/test.js": {"path":"/Users/dawn/GitHub/bipu-backend/app/service/test.js","statementMap":{},"fnMap":{},"branchMap":{},"s":{},"f":{},"b":{},"_coverageSchema":"332fd63041d2c1bcb487cc26dd0d5f7d97098a6c","hash":"446a1007f92c638ac483b559d9629c82f695d0e0","contentHash":"e5d062cbd1c653b6795d54dfeb17ade6_11.7.1"}
,"/Users/dawn/GitHub/bipu-backend/app/service/userService.js": {"path":"/Users/dawn/GitHub/bipu-backend/app/service/userService.js","statementMap":{"0":{"start":{"line":3,"column":16},"end":{"line":3,"column":38}},"1":{"start":{"line":7,"column":4},"end":{"line":7,"column":15}},"2":{"start":{"line":8,"column":4},"end":{"line":8,"column":60}},"3":{"start":{"line":9,"column":4},"end":{"line":9,"column":36}},"4":{"start":{"line":10,"column":4},"end":{"line":10,"column":40}},"5":{"start":{"line":14,"column":17},"end":{"line":18,"column":6}},"6":{"start":{"line":20,"column":4},"end":{"line":20,"column":16}},"7":{"start":{"line":24,"column":22},"end":{"line":24,"column":63}},"8":{"start":{"line":25,"column":17},"end":{"line":36,"column":6}},"9":{"start":{"line":38,"column":4},"end":{"line":38,"column":16}},"10":{"start":{"line":41,"column":17},"end":{"line":46,"column":6}},"11":{"start":{"line":47,"column":4},"end":{"line":47,"column":16}},"12":{"start":{"line":51,"column":17},"end":{"line":56,"column":6}},"13":{"start":{"line":58,"column":4},"end":{"line":58,"column":16}},"14":{"start":{"line":62,"column":0},"end":{"line":62,"column":29}}},"fnMap":{"0":{"name":"(anonymous_0)","decl":{"start":{"line":6,"column":2},"end":{"line":6,"column":3}},"loc":{"start":{"line":6,"column":19},"end":{"line":11,"column":3}},"line":6},"1":{"name":"(anonymous_1)","decl":{"start":{"line":12,"column":2},"end":{"line":12,"column":3}},"loc":{"start":{"line":12,"column":21},"end":{"line":21,"column":3}},"line":12},"2":{"name":"(anonymous_2)","decl":{"start":{"line":22,"column":2},"end":{"line":22,"column":3}},"loc":{"start":{"line":22,"column":56},"end":{"line":39,"column":3}},"line":22},"3":{"name":"(anonymous_3)","decl":{"start":{"line":40,"column":2},"end":{"line":40,"column":3}},"loc":{"start":{"line":40,"column":38},"end":{"line":48,"column":3}},"line":40},"4":{"name":"(anonymous_4)","decl":{"start":{"line":49,"column":2},"end":{"line":49,"column":3}},"loc":{"start":{"line":49,"column":41},"end":{"line":59,"column":3}},"line":49}},"branchMap":{"0":{"loc":{"start":{"line":24,"column":22},"end":{"line":24,"column":63}},"type":"cond-expr","locations":[{"start":{"line":24,"column":31},"end":{"line":24,"column":49}},{"start":{"line":24,"column":52},"end":{"line":24,"column":63}}],"line":24}},"s":{"0":1,"1":0,"2":0,"3":0,"4":0,"5":0,"6":0,"7":0,"8":0,"9":0,"10":0,"11":0,"12":0,"13":0,"14":1},"f":{"0":0,"1":0,"2":0,"3":0,"4":0},"b":{"0":[0,0]},"_coverageSchema":"332fd63041d2c1bcb487cc26dd0d5f7d97098a6c","hash":"e18d08ced10b302139d2698661d72834af2ac8d6","contentHash":"08f135417bb6f22ff1fc632807b94eaf_11.7.1"}
,"/Users/dawn/GitHub/bipu-backend/app/service/volumeService.js": {"path":"/Users/dawn/GitHub/bipu-backend/app/service/volumeService.js","statementMap":{"0":{"start":{"line":3,"column":16},"end":{"line":3,"column":38}},"1":{"start":{"line":7,"column":4},"end":{"line":7,"column":15}},"2":{"start":{"line":8,"column":4},"end":{"line":8,"column":60}},"3":{"start":{"line":9,"column":4},"end":{"line":9,"column":36}},"4":{"start":{"line":10,"column":4},"end":{"line":10,"column":40}},"5":{"start":{"line":11,"column":4},"end":{"line":11,"column":42}},"6":{"start":{"line":12,"column":4},"end":{"line":12,"column":46}},"7":{"start":{"line":13,"column":4},"end":{"line":13,"column":48}},"8":{"start":{"line":17,"column":14},"end":{"line":17,"column":48}},"9":{"start":{"line":18,"column":4},"end":{"line":37,"column":5}},"10":{"start":{"line":19,"column":19},"end":{"line":22,"column":8}},"11":{"start":{"line":23,"column":6},"end":{"line":23,"column":34}},"12":{"start":{"line":24,"column":6},"end":{"line":27,"column":9}},"13":{"start":{"line":28,"column":6},"end":{"line":31,"column":9}},"14":{"start":{"line":32,"column":6},"end":{"line":32,"column":23}},"15":{"start":{"line":33,"column":6},"end":{"line":33,"column":18}},"16":{"start":{"line":35,"column":6},"end":{"line":35,"column":25}},"17":{"start":{"line":36,"column":6},"end":{"line":36,"column":17}},"18":{"start":{"line":40,"column":17},"end":{"line":48,"column":6}},"19":{"start":{"line":49,"column":4},"end":{"line":49,"column":16}},"20":{"start":{"line":52,"column":14},"end":{"line":52,"column":48}},"21":{"start":{"line":53,"column":4},"end":{"line":72,"column":5}},"22":{"start":{"line":54,"column":19},"end":{"line":59,"column":8}},"23":{"start":{"line":60,"column":6},"end":{"line":66,"column":9}},"24":{"start":{"line":67,"column":6},"end":{"line":67,"column":23}},"25":{"start":{"line":68,"column":6},"end":{"line":68,"column":18}},"26":{"start":{"line":70,"column":6},"end":{"line":70,"column":25}},"27":{"start":{"line":71,"column":6},"end":{"line":71,"column":17}},"28":{"start":{"line":75,"column":19},"end":{"line":79,"column":6}},"29":{"start":{"line":80,"column":4},"end":{"line":80,"column":18}},"30":{"start":{"line":83,"column":17},"end":{"line":88,"column":6}},"31":{"start":{"line":89,"column":4},"end":{"line":89,"column":16}},"32":{"start":{"line":92,"column":17},"end":{"line":97,"column":6}},"33":{"start":{"line":99,"column":4},"end":{"line":99,"column":16}},"34":{"start":{"line":103,"column":17},"end":{"line":110,"column":6}},"35":{"start":{"line":113,"column":19},"end":{"line":113,"column":21}},"36":{"start":{"line":114,"column":4},"end":{"line":117,"column":5}},"37":{"start":{"line":115,"column":19},"end":{"line":115,"column":72}},"38":{"start":{"line":116,"column":6},"end":{"line":116,"column":24}},"39":{"start":{"line":118,"column":4},"end":{"line":118,"column":18}},"40":{"start":{"line":122,"column":14},"end":{"line":122,"column":48}},"41":{"start":{"line":123,"column":4},"end":{"line":143,"column":5}},"42":{"start":{"line":124,"column":28},"end":{"line":127,"column":8}},"43":{"start":{"line":128,"column":6},"end":{"line":128,"column":33}},"44":{"start":{"line":129,"column":21},"end":{"line":136,"column":8}},"45":{"start":{"line":138,"column":6},"end":{"line":138,"column":23}},"46":{"start":{"line":139,"column":6},"end":{"line":139,"column":20}},"47":{"start":{"line":141,"column":6},"end":{"line":141,"column":25}},"48":{"start":{"line":142,"column":6},"end":{"line":142,"column":17}},"49":{"start":{"line":148,"column":14},"end":{"line":148,"column":48}},"50":{"start":{"line":149,"column":4},"end":{"line":169,"column":5}},"51":{"start":{"line":150,"column":28},"end":{"line":153,"column":8}},"52":{"start":{"line":154,"column":6},"end":{"line":154,"column":33}},"53":{"start":{"line":155,"column":21},"end":{"line":162,"column":8}},"54":{"start":{"line":164,"column":6},"end":{"line":164,"column":23}},"55":{"start":{"line":165,"column":6},"end":{"line":165,"column":20}},"56":{"start":{"line":167,"column":6},"end":{"line":167,"column":25}},"57":{"start":{"line":168,"column":6},"end":{"line":168,"column":17}},"58":{"start":{"line":175,"column":0},"end":{"line":175,"column":31}}},"fnMap":{"0":{"name":"(anonymous_0)","decl":{"start":{"line":6,"column":2},"end":{"line":6,"column":3}},"loc":{"start":{"line":6,"column":19},"end":{"line":14,"column":3}},"line":6},"1":{"name":"(anonymous_1)","decl":{"start":{"line":15,"column":2},"end":{"line":15,"column":3}},"loc":{"start":{"line":15,"column":43},"end":{"line":38,"column":3}},"line":15},"2":{"name":"(anonymous_2)","decl":{"start":{"line":39,"column":2},"end":{"line":39,"column":3}},"loc":{"start":{"line":39,"column":45},"end":{"line":50,"column":3}},"line":39},"3":{"name":"(anonymous_3)","decl":{"start":{"line":51,"column":2},"end":{"line":51,"column":3}},"loc":{"start":{"line":51,"column":31},"end":{"line":73,"column":3}},"line":51},"4":{"name":"(anonymous_4)","decl":{"start":{"line":74,"column":2},"end":{"line":74,"column":3}},"loc":{"start":{"line":74,"column":27},"end":{"line":81,"column":3}},"line":74},"5":{"name":"(anonymous_5)","decl":{"start":{"line":82,"column":2},"end":{"line":82,"column":3}},"loc":{"start":{"line":82,"column":33},"end":{"line":90,"column":3}},"line":82},"6":{"name":"(anonymous_6)","decl":{"start":{"line":91,"column":2},"end":{"line":91,"column":3}},"loc":{"start":{"line":91,"column":36},"end":{"line":100,"column":3}},"line":91},"7":{"name":"(anonymous_7)","decl":{"start":{"line":102,"column":2},"end":{"line":102,"column":3}},"loc":{"start":{"line":102,"column":46},"end":{"line":119,"column":3}},"line":102},"8":{"name":"(anonymous_8)","decl":{"start":{"line":120,"column":2},"end":{"line":120,"column":3}},"loc":{"start":{"line":120,"column":43},"end":{"line":146,"column":3}},"line":120},"9":{"name":"(anonymous_9)","decl":{"start":{"line":147,"column":2},"end":{"line":147,"column":3}},"loc":{"start":{"line":147,"column":42},"end":{"line":171,"column":3}},"line":147}},"branchMap":{},"s":{"0":1,"1":0,"2":0,"3":0,"4":0,"5":0,"6":0,"7":0,"8":0,"9":0,"10":0,"11":0,"12":0,"13":0,"14":0,"15":0,"16":0,"17":0,"18":0,"19":0,"20":0,"21":0,"22":0,"23":0,"24":0,"25":0,"26":0,"27":0,"28":0,"29":0,"30":0,"31":0,"32":0,"33":0,"34":0,"35":0,"36":0,"37":0,"38":0,"39":0,"40":0,"41":0,"42":0,"43":0,"44":0,"45":0,"46":0,"47":0,"48":0,"49":0,"50":0,"51":0,"52":0,"53":0,"54":0,"55":0,"56":0,"57":0,"58":1},"f":{"0":0,"1":0,"2":0,"3":0,"4":0,"5":0,"6":0,"7":0,"8":0,"9":0},"b":{},"_coverageSchema":"332fd63041d2c1bcb487cc26dd0d5f7d97098a6c","hash":"4f9878f8b04d1eb5de881a885feb4a14d0415783","contentHash":"c8f886bb74a230409c2a4207dd967a33_11.7.1"}
,"/Users/dawn/GitHub/bipu-backend/config/config.default.js": {"path":"/Users/dawn/GitHub/bipu-backend/config/config.default.js","statementMap":{"0":{"start":{"line":3,"column":0},"end":{"line":47,"column":2}},"1":{"start":{"line":4,"column":17},"end":{"line":38,"column":3}},"2":{"start":{"line":41,"column":2},"end":{"line":41,"column":53}},"3":{"start":{"line":44,"column":2},"end":{"line":44,"column":25}},"4":{"start":{"line":46,"column":2},"end":{"line":46,"column":16}}},"fnMap":{"0":{"name":"(anonymous_0)","decl":{"start":{"line":3,"column":17},"end":{"line":3,"column":18}},"loc":{"start":{"line":3,"column":28},"end":{"line":47,"column":1}},"line":3}},"branchMap":{},"s":{"0":1,"1":4,"2":4,"3":4,"4":4},"f":{"0":4},"b":{},"_coverageSchema":"332fd63041d2c1bcb487cc26dd0d5f7d97098a6c","hash":"bdc02788ad7ba1efc8407a310861e6e8e74880f5","contentHash":"952ba082e15858ff42f4103dfb82ca0d_11.7.1"}
,"/Users/dawn/GitHub/bipu-backend/config/plugin.js": {"path":"/Users/dawn/GitHub/bipu-backend/config/plugin.js","statementMap":{"0":{"start":{"line":2,"column":0},"end":{"line":5,"column":2}},"1":{"start":{"line":6,"column":0},"end":{"line":9,"column":2}}},"fnMap":{},"branchMap":{},"s":{"0":1,"1":1},"f":{},"b":{},"_coverageSchema":"332fd63041d2c1bcb487cc26dd0d5f7d97098a6c","hash":"690247a8546583196ce2e6476341ae2cc2aaa373","contentHash":"f7a05592d12d6233fdb6e31a10d02d9a_11.7.1"}
}
