{"total": {"lines":{"total":237,"covered":76,"skipped":0,"pct":32.07},"statements":{"total":237,"covered":76,"skipped":0,"pct":32.07},"functions":{"total":43,"covered":9,"skipped":0,"pct":20.93},"branches":{"total":23,"covered":0,"skipped":0,"pct":0}}
,"/Users/dawn/GitHub/bipu-backend/app/router.js": {"lines":{"total":20,"covered":20,"skipped":0,"pct":100},"functions":{"total":1,"covered":1,"skipped":0,"pct":100},"statements":{"total":20,"covered":20,"skipped":0,"pct":100},"branches":{"total":0,"covered":0,"skipped":0,"pct":100}}
,"/Users/dawn/GitHub/bipu-backend/app/controller/home.js": {"lines":{"total":6,"covered":6,"skipped":0,"pct":100},"functions":{"total":1,"covered":1,"skipped":0,"pct":100},"statements":{"total":6,"covered":6,"skipped":0,"pct":100},"branches":{"total":0,"covered":0,"skipped":0,"pct":100}}
,"/Users/dawn/GitHub/bipu-backend/app/controller/multipart.js": {"lines":{"total":12,"covered":4,"skipped":0,"pct":33.33},"functions":{"total":1,"covered":0,"skipped":0,"pct":0},"statements":{"total":12,"covered":4,"skipped":0,"pct":33.33},"branches":{"total":0,"covered":0,"skipped":0,"pct":100}}
,"/Users/dawn/GitHub/bipu-backend/app/controller/user.js": {"lines":{"total":33,"covered":4,"skipped":0,"pct":12.12},"functions":{"total":6,"covered":0,"skipped":0,"pct":0},"statements":{"total":33,"covered":4,"skipped":0,"pct":12.12},"branches":{"total":12,"covered":0,"skipped":0,"pct":0}}
,"/Users/dawn/GitHub/bipu-backend/app/controller/volume.js": {"lines":{"total":54,"covered":5,"skipped":0,"pct":9.26},"functions":{"total":12,"covered":0,"skipped":0,"pct":0},"statements":{"total":54,"covered":5,"skipped":0,"pct":9.26},"branches":{"total":9,"covered":0,"skipped":0,"pct":0}}
,"/Users/dawn/GitHub/bipu-backend/app/extend/application.js": {"lines":{"total":0,"covered":0,"skipped":0,"pct":100},"functions":{"total":0,"covered":0,"skipped":0,"pct":100},"statements":{"total":0,"covered":0,"skipped":0,"pct":100},"branches":{"total":0,"covered":0,"skipped":0,"pct":100}}
,"/Users/dawn/GitHub/bipu-backend/app/extend/helper.js": {"lines":{"total":6,"covered":1,"skipped":0,"pct":16.67},"functions":{"total":0,"covered":0,"skipped":0,"pct":100},"statements":{"total":6,"covered":1,"skipped":0,"pct":16.67},"branches":{"total":0,"covered":0,"skipped":0,"pct":100}}
,"/Users/dawn/GitHub/bipu-backend/app/extend/response.js": {"lines":{"total":1,"covered":1,"skipped":0,"pct":100},"functions":{"total":0,"covered":0,"skipped":0,"pct":100},"statements":{"total":1,"covered":1,"skipped":0,"pct":100},"branches":{"total":0,"covered":0,"skipped":0,"pct":100}}
,"/Users/dawn/GitHub/bipu-backend/app/model/collectionVolume.js": {"lines":{"total":4,"covered":4,"skipped":0,"pct":100},"functions":{"total":1,"covered":1,"skipped":0,"pct":100},"statements":{"total":4,"covered":4,"skipped":0,"pct":100},"branches":{"total":0,"covered":0,"skipped":0,"pct":100}}
,"/Users/dawn/GitHub/bipu-backend/app/model/comment.js": {"lines":{"total":4,"covered":4,"skipped":0,"pct":100},"functions":{"total":1,"covered":1,"skipped":0,"pct":100},"statements":{"total":4,"covered":4,"skipped":0,"pct":100},"branches":{"total":0,"covered":0,"skipped":0,"pct":100}}
,"/Users/dawn/GitHub/bipu-backend/app/model/ownVolume.js": {"lines":{"total":4,"covered":4,"skipped":0,"pct":100},"functions":{"total":1,"covered":1,"skipped":0,"pct":100},"statements":{"total":4,"covered":4,"skipped":0,"pct":100},"branches":{"total":0,"covered":0,"skipped":0,"pct":100}}
,"/Users/dawn/GitHub/bipu-backend/app/model/soreVolume.js": {"lines":{"total":4,"covered":4,"skipped":0,"pct":100},"functions":{"total":1,"covered":1,"skipped":0,"pct":100},"statements":{"total":4,"covered":4,"skipped":0,"pct":100},"branches":{"total":0,"covered":0,"skipped":0,"pct":100}}
,"/Users/dawn/GitHub/bipu-backend/app/model/user.js": {"lines":{"total":4,"covered":4,"skipped":0,"pct":100},"functions":{"total":1,"covered":1,"skipped":0,"pct":100},"statements":{"total":4,"covered":4,"skipped":0,"pct":100},"branches":{"total":0,"covered":0,"skipped":0,"pct":100}}
,"/Users/dawn/GitHub/bipu-backend/app/model/volume.js": {"lines":{"total":4,"covered":4,"skipped":0,"pct":100},"functions":{"total":1,"covered":1,"skipped":0,"pct":100},"statements":{"total":4,"covered":4,"skipped":0,"pct":100},"branches":{"total":0,"covered":0,"skipped":0,"pct":100}}
,"/Users/dawn/GitHub/bipu-backend/app/service/test.js": {"lines":{"total":0,"covered":0,"skipped":0,"pct":100},"functions":{"total":0,"covered":0,"skipped":0,"pct":100},"statements":{"total":0,"covered":0,"skipped":0,"pct":100},"branches":{"total":0,"covered":0,"skipped":0,"pct":100}}
,"/Users/dawn/GitHub/bipu-backend/app/service/userService.js": {"lines":{"total":15,"covered":2,"skipped":0,"pct":13.33},"functions":{"total":5,"covered":0,"skipped":0,"pct":0},"statements":{"total":15,"covered":2,"skipped":0,"pct":13.33},"branches":{"total":2,"covered":0,"skipped":0,"pct":0}}
,"/Users/dawn/GitHub/bipu-backend/app/service/volumeService.js": {"lines":{"total":59,"covered":2,"skipped":0,"pct":3.39},"functions":{"total":10,"covered":0,"skipped":0,"pct":0},"statements":{"total":59,"covered":2,"skipped":0,"pct":3.39},"branches":{"total":0,"covered":0,"skipped":0,"pct":100}}
,"/Users/dawn/GitHub/bipu-backend/config/config.default.js": {"lines":{"total":5,"covered":5,"skipped":0,"pct":100},"functions":{"total":1,"covered":1,"skipped":0,"pct":100},"statements":{"total":5,"covered":5,"skipped":0,"pct":100},"branches":{"total":0,"covered":0,"skipped":0,"pct":100}}
,"/Users/dawn/GitHub/bipu-backend/config/plugin.js": {"lines":{"total":2,"covered":2,"skipped":0,"pct":100},"functions":{"total":0,"covered":0,"skipped":0,"pct":100},"statements":{"total":2,"covered":2,"skipped":0,"pct":100},"branches":{"total":0,"covered":0,"skipped":0,"pct":100}}
}
